[debug] [2025-07-30T02:06:37.038Z] ----------------------------------------------------------------------
[debug] [2025-07-30T02:06:37.060Z] Command:       /usr/local/bin/firebase /home/devasc/.cache/firebase/tools/lib/node_modules/firebase-tools/lib/bin/firebase init
[debug] [2025-07-30T02:06:37.061Z] CLI Version:   14.5.0
[debug] [2025-07-30T02:06:37.061Z] Platform:      linux
[debug] [2025-07-30T02:06:37.061Z] Node Version:  v20.18.2
[debug] [2025-07-30T02:06:37.061Z] Time:          Wed Jul 30 2025 02:06:37 GMT+0000 (Coordinated Universal Time)
[debug] [2025-07-30T02:06:37.061Z] ----------------------------------------------------------------------
[debug] 
[debug] [2025-07-30T02:06:37.063Z] >>> [apiv2][query] GET https://firebase-public.firebaseio.com/cli.json [none]
[debug] [2025-07-30T02:06:37.102Z] > command requires scopes: ["email","openid","https://www.googleapis.com/auth/cloudplatformprojects.readonly","https://www.googleapis.com/auth/firebase","https://www.googleapis.com/auth/cloud-platform"]
[debug] [2025-07-30T02:06:37.102Z] > authorizing via signed-in user (chikboy33@gmail.com)
[info] 
     ######## #### ########  ######## ########     ###     ######  ########
     ##        ##  ##     ## ##       ##     ##  ##   ##  ##       ##
     ######    ##  ########  ######   ########  #########  ######  ######
     ##        ##  ##    ##  ##       ##     ## ##     ##       ## ##
     ##       #### ##     ## ######## ########  ##     ##  ######  ########

You're about to initialize a Firebase project in this directory:

  /home/devasc/labs/devnet-src/finalexam/devopsSQA113-G1

[debug] [2025-07-30T02:06:38.235Z] <<< [apiv2][status] GET https://firebase-public.firebaseio.com/cli.json 200
[debug] [2025-07-30T02:06:38.237Z] <<< [apiv2][body] GET https://firebase-public.firebaseio.com/cli.json {"cloudBuildErrorAfter":1594252800000,"cloudBuildWarnAfter":1590019200000,"defaultNode10After":1594252800000,"minVersion":"3.0.5","node8DeploysDisabledAfter":1613390400000,"node8RuntimeDisabledAfter":1615809600000,"node8WarnAfter":1600128000000}
[info] 
=== Project Setup
[info] 
[info] First, let's associate this project directory with a Firebase project.
[info] You can create multiple project aliases by running firebase use --add, 
[info] but for now we'll just set up a default project.
[info] 
[debug] [2025-07-30T02:06:44.513Z] Checked if tokens are valid: false, expires at: 1752898923167
[debug] [2025-07-30T02:06:44.514Z] Checked if tokens are valid: false, expires at: 1752898923167
[debug] [2025-07-30T02:06:44.515Z] > refreshing access token with scopes: []
[debug] [2025-07-30T02:06:44.517Z] >>> [apiv2][query] POST https://www.googleapis.com/oauth2/v3/token [none]
[debug] [2025-07-30T02:06:44.517Z] >>> [apiv2][body] POST https://www.googleapis.com/oauth2/v3/token [omitted]
[debug] [2025-07-30T02:06:44.796Z] <<< [apiv2][status] POST https://www.googleapis.com/oauth2/v3/token 200
[debug] [2025-07-30T02:06:44.799Z] <<< [apiv2][body] POST https://www.googleapis.com/oauth2/v3/token [omitted]
[debug] [2025-07-30T02:06:44.805Z] >>> [apiv2][query] GET https://firebase.googleapis.com/v1beta1/projects pageSize=100
[debug] [2025-07-30T02:06:45.549Z] <<< [apiv2][status] GET https://firebase.googleapis.com/v1beta1/projects 200
[debug] [2025-07-30T02:06:45.549Z] <<< [apiv2][body] GET https://firebase.googleapis.com/v1beta1/projects [omitted]
[info] i  Using project testingsqafinalexam (TestingSQAFinalexam) 
[info] 
=== Hosting Setup
[debug] [2025-07-30T02:06:56.365Z] Checked if tokens are valid: true, expires at: 1753844803799
[debug] [2025-07-30T02:06:56.365Z] Checked if tokens are valid: true, expires at: 1753844803799
[debug] [2025-07-30T02:06:56.366Z] >>> [apiv2][query] GET https://firebase.googleapis.com/v1beta1/projects/testingsqafinalexam [none]
[debug] [2025-07-30T02:06:56.613Z] <<< [apiv2][status] GET https://firebase.googleapis.com/v1beta1/projects/testingsqafinalexam 200
[debug] [2025-07-30T02:06:56.620Z] <<< [apiv2][body] GET https://firebase.googleapis.com/v1beta1/projects/testingsqafinalexam {"projectId":"testingsqafinalexam","projectNumber":"222050476819","displayName":"TestingSQAFinalexam","name":"projects/testingsqafinalexam","resources":{"hostingSite":"testingsqafinalexam"},"state":"ACTIVE","etag":"1_271a53f2-f387-41a7-a1eb-dd2d48aee734"}
[info] 
[info] Your public directory is the folder (relative to your project directory) that
[info] will contain Hosting assets to be uploaded with firebase deploy. If you
[info] have a build process for your assets, use your build's output directory.
[info] 
